  BaseAgent.cpp
  Bullet.cpp
  Cell.cpp
  CompareCells.cpp
  Fighter.cpp
  FighterStates.cpp
  Grenade.cpp
  main.cpp
C:\Users\vikib\.cursor\Final_Project\Graphics\Graphics\main.cpp(482,6): warning C4326: return type of 'main' should be 'int' instead of 'void'
  Medic.cpp
  Room.cpp
  SafetyMap.cpp
  State.cpp
  Supplier.cpp
  SupportStates.cpp
  Team.cpp
  Generating Code...
main.obj : error LNK2019: unresolved external symbol __imp_glutInitWindowPosition referenced in function main
main.obj : error LNK2019: unresolved external symbol __imp_glutInitWindowSize referenced in function main
main.obj : error LNK2019: unresolved external symbol __imp_glutInitDisplayMode referenced in function main
main.obj : error LNK2019: unresolved external symbol __imp_glutMainLoop referenced in function main
main.obj : error LNK2019: unresolved external symbol __imp_glutPostRedisplay referenced in function "void __cdecl idle(void)" (?idle@@YAXXZ)
main.obj : error LNK2019: unresolved external symbol __imp_glutSwapBuffers referenced in function "void __cdecl display(void)" (?display@@YAXXZ)
main.obj : error LNK2019: unresolved external symbol __imp_glutAddMenuEntry referenced in function main
main.obj : error LNK2019: unresolved external symbol __imp_glutAttachMenu referenced in function main
main.obj : error LNK2019: unresolved external symbol __imp_glutTimerFunc referenced in function "void __cdecl timer(int)" (?timer@@YAXH@Z)
main.obj : error LNK2019: unresolved external symbol __imp_glutIdleFunc referenced in function main
main.obj : error LNK2019: unresolved external symbol __imp_glutDisplayFunc referenced in function main
main.obj : error LNK2019: unresolved external symbol __imp_glutBitmapCharacter referenced in function "void __cdecl DrawDepots(void)" (?DrawDepots@@YAXXZ)
main.obj : error LNK2019: unresolved external symbol __imp___glutInitWithExit referenced in function glutInit_ATEXIT_HACK
main.obj : error LNK2019: unresolved external symbol __imp___glutCreateWindowWithExit referenced in function glutCreateWindow_ATEXIT_HACK
main.obj : error LNK2019: unresolved external symbol __imp___glutCreateMenuWithExit referenced in function glutCreateMenu_ATEXIT_HACK
freeglut.lib : warning LNK4272: library machine type 'x86' conflicts with target machine type 'x64'
glew32.lib : warning LNK4272: library machine type 'x86' conflicts with target machine type 'x64'
C:\Users\vikib\.cursor\Final_Project\Graphics\x64\Debug\Graphics.exe : fatal error LNK1120: 15 unresolved externals
